\BOOKMARK [0][-]{chapter.1}{\376\377\000I\000n\000t\000r\000o\000d\000u\000c\000t\000i\000o\000n}{}% 1
\BOOKMARK [0][-]{chapter.2}{\376\377\000D\000a\000t\000a\000s\000e\000t\000\040\000a\000n\000d\000\040\000W\000e\000b\000\040\000S\000c\000r\000a\000p\000i\000n\000g}{}% 2
\BOOKMARK [1][-]{section.2.1}{\376\377\000W\000e\000b\000\040\000S\000c\000r\000a\000p\000i\000n\000g}{chapter.2}% 3
\BOOKMARK [1][-]{section.2.2}{\376\377\000S\000y\000n\000t\000h\000e\000t\000i\000c\000\040\000D\000a\000t\000a\000\040\000G\000e\000n\000e\000r\000a\000t\000i\000o\000n}{chapter.2}% 4
\BOOKMARK [1][-]{section.2.3}{\376\377\000D\000a\000t\000a\000s\000e\000t\000\040\000C\000h\000a\000r\000a\000c\000t\000e\000r\000i\000s\000t\000i\000c\000s\000:\000\040\000V\000e\000l\000o\000c\000i\000t\000y\000\040\000a\000n\000d\000\040\000V\000a\000r\000i\000e\000t\000y}{chapter.2}% 5
\BOOKMARK [2][-]{subsection.2.3.1}{\376\377\000V\000e\000l\000o\000c\000i\000t\000y}{section.2.3}% 6
\BOOKMARK [2][-]{subsection.2.3.2}{\376\377\000V\000a\000r\000i\000e\000t\000y}{section.2.3}% 7
\BOOKMARK [1][-]{section.2.4}{\376\377\000R\000e\000s\000u\000l\000t\000i\000n\000g\000\040\000D\000a\000t\000a\000s\000e\000t}{chapter.2}% 8
\BOOKMARK [0][-]{chapter.3}{\376\377\000D\000e\000s\000i\000g\000n}{}% 9
\BOOKMARK [1][-]{section.3.1}{\376\377\000A\000c\000t\000o\000r\000s}{chapter.3}% 10
\BOOKMARK [1][-]{section.3.2}{\376\377\000F\000u\000n\000c\000t\000i\000o\000n\000a\000l\000\040\000R\000e\000q\000u\000i\000r\000e\000m\000e\000n\000t\000s}{chapter.3}% 11
\BOOKMARK [2][-]{subsection.3.2.1}{\376\377\000G\000u\000e\000s\000t\000\040\000U\000s\000e\000r\000s}{section.3.2}% 12
\BOOKMARK [2][-]{subsection.3.2.2}{\376\377\000P\000a\000t\000i\000e\000n\000t\000s}{section.3.2}% 13
\BOOKMARK [2][-]{subsection.3.2.3}{\376\377\000D\000o\000c\000t\000o\000r\000s}{section.3.2}% 14
\BOOKMARK [1][-]{section.3.3}{\376\377\000N\000o\000n\000-\000F\000u\000n\000c\000t\000i\000o\000n\000a\000l\000\040\000R\000e\000q\000u\000i\000r\000e\000m\000e\000n\000t\000s}{chapter.3}% 15
\BOOKMARK [2][-]{subsection.3.3.1}{\376\377\000P\000e\000r\000f\000o\000r\000m\000a\000n\000c\000e\000\040\000a\000n\000d\000\040\000S\000c\000a\000l\000a\000b\000i\000l\000i\000t\000y}{section.3.3}% 16
\BOOKMARK [2][-]{subsection.3.3.2}{\376\377\000A\000v\000a\000i\000l\000a\000b\000i\000l\000i\000t\000y\000\040\000a\000n\000d\000\040\000R\000e\000l\000i\000a\000b\000i\000l\000i\000t\000y}{section.3.3}% 17
\BOOKMARK [2][-]{subsection.3.3.3}{\376\377\000S\000e\000c\000u\000r\000i\000t\000y\000\040\000a\000n\000d\000\040\000P\000r\000i\000v\000a\000c\000y}{section.3.3}% 18
\BOOKMARK [2][-]{subsection.3.3.4}{\376\377\000U\000s\000a\000b\000i\000l\000i\000t\000y}{section.3.3}% 19
\BOOKMARK [2][-]{subsection.3.3.5}{\376\377\000P\000o\000r\000t\000a\000b\000i\000l\000i\000t\000y\000\040\000a\000n\000d\000\040\000F\000l\000e\000x\000i\000b\000i\000l\000i\000t\000y}{section.3.3}% 20
\BOOKMARK [2][-]{subsection.3.3.6}{\376\377\000M\000a\000i\000n\000t\000a\000i\000n\000a\000b\000i\000l\000i\000t\000y}{section.3.3}% 21
\BOOKMARK [1][-]{section.3.4}{\376\377\000U\000M\000L\000\040\000C\000l\000a\000s\000s\000\040\000D\000i\000a\000g\000r\000a\000m\000s}{chapter.3}% 22
\BOOKMARK [2][-]{subsection.3.4.1}{\376\377\000R\000e\000l\000a\000t\000i\000o\000n\000s\000h\000i\000p\000s\000\040\000b\000e\000t\000w\000e\000e\000n\000\040\000c\000l\000a\000s\000s\000e\000s}{section.3.4}% 23
\BOOKMARK [2][-]{subsection.3.4.2}{\376\377\000D\000e\000s\000i\000g\000n\000\040\000o\000f\000\040\000t\000h\000e\000\040\000c\000l\000a\000s\000s\000e\000s}{section.3.4}% 24
\BOOKMARK [0][-]{chapter.4}{\376\377\000D\000a\000t\000a\000\040\000M\000o\000d\000e\000l}{}% 25
\BOOKMARK [1][-]{section.4.1}{\376\377\000D\000o\000c\000u\000m\000e\000n\000t\000\040\000D\000a\000t\000a\000b\000a\000s\000e\000\040\000-\000\040\000M\000o\000n\000g\000o\000D\000B}{chapter.4}% 26
\BOOKMARK [2][-]{subsection.4.1.1}{\376\377\000C\000o\000l\000l\000e\000c\000t\000i\000o\000n\000s}{section.4.1}% 27
\BOOKMARK [2][-]{subsection.4.1.2}{\376\377\000D\000o\000c\000u\000m\000e\000n\000t\000\040\000S\000t\000r\000u\000c\000t\000u\000r\000e}{section.4.1}% 28
\BOOKMARK [1][-]{section.4.2}{\376\377\000G\000r\000a\000p\000h\000\040\000D\000a\000t\000a\000b\000a\000s\000e\000\040\000-\000\040\000N\000e\000o\0004\000j}{chapter.4}% 29
\BOOKMARK [2][-]{subsection.4.2.1}{\376\377\000N\000o\000d\000e\000\040\000T\000y\000p\000e\000s}{section.4.2}% 30
\BOOKMARK [2][-]{subsection.4.2.2}{\376\377\000R\000e\000l\000a\000t\000i\000o\000n\000s\000h\000i\000p\000s}{section.4.2}% 31
\BOOKMARK [0][-]{chapter.5}{\376\377\000I\000m\000p\000l\000e\000m\000e\000n\000t\000a\000t\000i\000o\000n}{}% 32
\BOOKMARK [1][-]{section.5.1}{\376\377\000F\000r\000o\000n\000t\000-\000E\000n\000d}{chapter.5}% 33
\BOOKMARK [1][-]{section.5.2}{\376\377\000F\000r\000o\000n\000t\000-\000E\000n\000d\000\040\000S\000t\000r\000u\000c\000t\000u\000r\000e}{chapter.5}% 34
\BOOKMARK [2][-]{subsection.5.2.1}{\376\377\000S\000t\000a\000t\000i\000c}{section.5.2}% 35
\BOOKMARK [2][-]{subsection.5.2.2}{\376\377\000T\000e\000m\000p\000l\000a\000t\000e\000s}{section.5.2}% 36
\BOOKMARK [1][-]{section.5.3}{\376\377\000B\000a\000c\000k\000-\000E\000n\000d}{chapter.5}% 37
\BOOKMARK [2][-]{subsection.5.3.1}{\376\377\000S\000p\000r\000i\000n\000g\000\040\000B\000o\000o\000t}{section.5.3}% 38
\BOOKMARK [1][-]{section.5.4}{\376\377\000B\000a\000c\000k\000-\000E\000n\000d\000\040\000S\000t\000r\000u\000c\000t\000u\000r\000e}{chapter.5}% 39
\BOOKMARK [2][-]{subsection.5.4.1}{\376\377\000p\000a\000c\000k\000a\000g\000e\000\040\000i\000t\000.\000u\000n\000i\000p\000i\000.\000h\000e\000a\000l\000t\000h\000h\000u\000b\000.\000c\000o\000n\000f\000i\000g}{section.5.4}% 40
\BOOKMARK [2][-]{subsection.5.4.2}{\376\377\000p\000a\000c\000k\000a\000g\000e\000\040\000i\000t\000.\000u\000n\000i\000p\000i\000.\000h\000e\000a\000l\000t\000h\000h\000u\000b\000.\000c\000o\000n\000t\000r\000o\000l\000l\000e\000r}{section.5.4}% 41
\BOOKMARK [2][-]{subsection.5.4.3}{\376\377\000p\000a\000c\000k\000a\000g\000e\000\040\000i\000t\000.\000u\000n\000i\000p\000i\000.\000h\000e\000a\000l\000t\000h\000h\000u\000b\000.\000c\000o\000n\000t\000r\000o\000l\000l\000e\000r\000.\000a\000p\000i}{section.5.4}% 42
\BOOKMARK [2][-]{subsection.5.4.4}{\376\377\000p\000a\000c\000k\000a\000g\000e\000\040\000i\000t\000.\000u\000n\000i\000p\000i\000.\000h\000e\000a\000l\000t\000h\000h\000u\000b\000.\000d\000t\000o}{section.5.4}% 43
\BOOKMARK [2][-]{subsection.5.4.5}{\376\377\000p\000a\000c\000k\000a\000g\000e\000\040\000i\000t\000.\000u\000n\000i\000p\000i\000.\000h\000e\000a\000l\000t\000h\000h\000u\000b\000.\000e\000x\000c\000e\000p\000t\000i\000o\000n}{section.5.4}% 44
\BOOKMARK [2][-]{subsection.5.4.6}{\376\377\000p\000a\000c\000k\000a\000g\000e\000\040\000i\000t\000.\000u\000n\000i\000p\000i\000.\000h\000e\000a\000l\000t\000h\000h\000u\000b\000.\000f\000i\000l\000t\000e\000r}{section.5.4}% 45
\BOOKMARK [2][-]{subsection.5.4.7}{\376\377\000p\000a\000c\000k\000a\000g\000e\000\040\000i\000t\000.\000u\000n\000i\000p\000i\000.\000h\000e\000a\000l\000t\000h\000h\000u\000b\000.\000m\000o\000d\000e\000l}{section.5.4}% 46
\BOOKMARK [2][-]{subsection.5.4.8}{\376\377\000p\000a\000c\000k\000a\000g\000e\000\040\000i\000t\000.\000u\000n\000i\000p\000i\000.\000h\000e\000a\000l\000t\000h\000h\000u\000b\000.\000m\000o\000d\000e\000l\000.\000m\000o\000n\000g\000o}{section.5.4}% 47
\BOOKMARK [2][-]{subsection.5.4.9}{\376\377\000p\000a\000c\000k\000a\000g\000e\000\040\000i\000t\000.\000u\000n\000i\000p\000i\000.\000h\000e\000a\000l\000t\000h\000h\000u\000b\000.\000m\000o\000d\000e\000l\000.\000n\000e\000o\0004\000j}{section.5.4}% 48
\BOOKMARK [2][-]{subsection.5.4.10}{\376\377\000p\000a\000c\000k\000a\000g\000e\000\040\000i\000t\000.\000u\000n\000i\000p\000i\000.\000h\000e\000a\000l\000t\000h\000h\000u\000b\000.\000p\000r\000o\000j\000e\000c\000t\000i\000o\000n}{section.5.4}% 49
\BOOKMARK [2][-]{subsection.5.4.11}{\376\377\000p\000a\000c\000k\000a\000g\000e\000\040\000i\000t\000.\000u\000n\000i\000p\000i\000.\000h\000e\000a\000l\000t\000h\000h\000u\000b\000.\000r\000e\000p\000o\000s\000i\000t\000o\000r\000y}{section.5.4}% 50
\BOOKMARK [2][-]{subsection.5.4.12}{\376\377\000p\000a\000c\000k\000a\000g\000e\000\040\000i\000t\000.\000u\000n\000i\000p\000i\000.\000h\000e\000a\000l\000t\000h\000h\000u\000b\000.\000s\000e\000r\000v\000i\000c\000e}{section.5.4}% 51
\BOOKMARK [2][-]{subsection.5.4.13}{\376\377\000p\000a\000c\000k\000a\000g\000e\000\040\000i\000t\000.\000u\000n\000i\000p\000i\000.\000h\000e\000a\000l\000t\000h\000h\000u\000b\000.\000u\000t\000i\000l}{section.5.4}% 52
\BOOKMARK [2][-]{subsection.5.4.14}{\376\377\000S\000c\000h\000e\000d\000u\000l\000e\000r\000\040\000C\000o\000m\000p\000o\000n\000e\000n\000t}{section.5.4}% 53
\BOOKMARK [0][-]{chapter.6}{\376\377\000Q\000u\000e\000r\000i\000e\000s}{}% 54
\BOOKMARK [1][-]{section.6.1}{\376\377\000M\000o\000n\000g\000o\000\040\000D\000B}{chapter.6}% 55
\BOOKMARK [2][-]{subsection.6.1.1}{\376\377\000S\000e\000a\000r\000c\000h\000\040\000Q\000u\000e\000r\000y}{section.6.1}% 56
\BOOKMARK [2][-]{subsection.6.1.2}{\376\377\000A\000n\000a\000l\000y\000t\000i\000c\000s}{section.6.1}% 57
